This file contains any messages produced by compilers while
running configure, to aid debugging if configure makes a mistake.

It was created by parcellite configure 1.0.2rc5, which was
generated by GNU Autoconf 2.67.  Invocation command line was

  $ ./configure 

## --------- ##
## Platform. ##
## --------- ##

hostname = cheflaptop
uname -m = i686
uname -r = 3.2.0-0.bpo.3-686-pae
uname -s = Linux
uname -v = #1 SMP Thu Aug 23 08:21:41 UTC 2012

/usr/bin/uname -p = unknown
/bin/uname -X     = unknown

/bin/arch              = unknown
/usr/bin/arch -k       = unknown
/usr/convex/getsysinfo = unknown
/usr/bin/hostinfo      = unknown
/bin/machine           = unknown
/usr/bin/oslevel       = unknown
/bin/universe          = unknown

PATH: /usr/local/sbin
PATH: /usr/sbin
PATH: /sbin
PATH: /usr/games
PATH: /usr/local/bin
PATH: /usr/bin
PATH: /bin
PATH: /usr/bin/X11
PATH: /usr/games


## ----------- ##
## Core tests. ##
## ----------- ##

configure:2308: checking for a BSD-compatible install
configure:2376: result: /usr/bin/install -c
configure:2387: checking whether build environment is sane
configure:2437: result: yes
configure:2578: checking for a thread-safe mkdir -p
configure:2617: result: /bin/mkdir -p
configure:2630: checking for gawk
configure:2646: found /usr/bin/gawk
configure:2657: result: gawk
configure:2668: checking whether make sets $(MAKE)
configure:2690: result: yes
configure:2802: checking for style of include used by make
configure:2830: result: GNU
configure:2900: checking for gcc
configure:2916: found /usr/bin/gcc
configure:2927: result: gcc
configure:3156: checking for C compiler version
configure:3165: gcc --version >&5
gcc (Debian 4.4.7-3) 4.4.7
Copyright (C) 2010 Free Software Foundation, Inc.
This is free software; see the source for copying conditions.  There is NO
warranty; not even for MERCHANTABILITY or FITNESS FOR A PARTICULAR PURPOSE.

configure:3176: $? = 0
configure:3165: gcc -v >&5
Using built-in specs.
Target: i486-linux-gnu
Configured with: ../src/configure -v --with-pkgversion='Debian 4.4.7-3' --with-bugurl=file:///usr/share/doc/gcc-4.4/README.Bugs --enable-languages=c,c++,fortran --prefix=/usr --program-suffix=-4.4 --enable-shared --enable-linker-build-id --with-system-zlib --libexecdir=/usr/lib --without-included-gettext --enable-threads=posix --with-gxx-include-dir=/usr/include/c++/4.4 --libdir=/usr/lib --enable-nls --enable-clocale=gnu --enable-libstdcxx-debug --enable-targets=all --with-arch-32=i586 --with-tune=generic --enable-checking=release --build=i486-linux-gnu --host=i486-linux-gnu --target=i486-linux-gnu
Thread model: posix
gcc version 4.4.7 (Debian 4.4.7-3) 
configure:3176: $? = 0
configure:3165: gcc -V >&5
gcc: '-V' option must have argument
configure:3176: $? = 1
configure:3165: gcc -qversion >&5
gcc: unrecognized option '-qversion'
gcc: no input files
configure:3176: $? = 1
configure:3196: checking whether the C compiler works
configure:3218: gcc    conftest.c  >&5
configure:3222: $? = 0
configure:3270: result: yes
configure:3273: checking for C compiler default output file name
configure:3275: result: a.out
configure:3281: checking for suffix of executables
configure:3288: gcc -o conftest    conftest.c  >&5
configure:3292: $? = 0
configure:3314: result: 
configure:3336: checking whether we are cross compiling
configure:3344: gcc -o conftest    conftest.c  >&5
configure:3348: $? = 0
configure:3355: ./conftest
configure:3359: $? = 0
configure:3374: result: no
configure:3379: checking for suffix of object files
configure:3401: gcc -c   conftest.c >&5
configure:3405: $? = 0
configure:3426: result: o
configure:3430: checking whether we are using the GNU C compiler
configure:3449: gcc -c   conftest.c >&5
configure:3449: $? = 0
configure:3458: result: yes
configure:3467: checking whether gcc accepts -g
configure:3487: gcc -c -g  conftest.c >&5
configure:3487: $? = 0
configure:3528: result: yes
configure:3545: checking for gcc option to accept ISO C89
configure:3609: gcc  -c -g -O2  conftest.c >&5
configure:3609: $? = 0
configure:3622: result: none needed
configure:3644: checking dependency style of gcc
configure:3754: result: gcc3
configure:3775: checking how to run the C preprocessor
configure:3806: gcc -E  conftest.c
configure:3806: $? = 0
configure:3820: gcc -E  conftest.c
conftest.c:12:28: error: ac_nonexistent.h: No such file or directory
configure:3820: $? = 1
configure: failed program was:
| /* confdefs.h */
| #define PACKAGE_NAME "parcellite"
| #define PACKAGE_TARNAME "parcellite"
| #define PACKAGE_VERSION "1.0.2rc5"
| #define PACKAGE_STRING "parcellite 1.0.2rc5"
| #define PACKAGE_BUGREPORT "gpib@rickyrockrat.net"
| #define PACKAGE_URL ""
| #define PACKAGE "parcellite"
| #define VERSION "1.0.2rc5"
| #define GETTEXT_PACKAGE "parcellite"
| /* end confdefs.h.  */
| #include <ac_nonexistent.h>
configure:3845: result: gcc -E
configure:3865: gcc -E  conftest.c
configure:3865: $? = 0
configure:3879: gcc -E  conftest.c
conftest.c:12:28: error: ac_nonexistent.h: No such file or directory
configure:3879: $? = 1
configure: failed program was:
| /* confdefs.h */
| #define PACKAGE_NAME "parcellite"
| #define PACKAGE_TARNAME "parcellite"
| #define PACKAGE_VERSION "1.0.2rc5"
| #define PACKAGE_STRING "parcellite 1.0.2rc5"
| #define PACKAGE_BUGREPORT "gpib@rickyrockrat.net"
| #define PACKAGE_URL ""
| #define PACKAGE "parcellite"
| #define VERSION "1.0.2rc5"
| #define GETTEXT_PACKAGE "parcellite"
| /* end confdefs.h.  */
| #include <ac_nonexistent.h>
configure:3908: checking for grep that handles long lines and -e
configure:3966: result: /bin/grep
configure:3971: checking for egrep
configure:4033: result: /bin/grep -E
configure:4038: checking for ANSI C header files
configure:4058: gcc -c -g -O2  conftest.c >&5
configure:4058: $? = 0
configure:4131: gcc -o conftest -g -O2   conftest.c  >&5
configure:4131: $? = 0
configure:4131: ./conftest
configure:4131: $? = 0
configure:4142: result: yes
configure:4155: checking for sys/types.h
configure:4155: gcc -c -g -O2  conftest.c >&5
configure:4155: $? = 0
configure:4155: result: yes
configure:4155: checking for sys/stat.h
configure:4155: gcc -c -g -O2  conftest.c >&5
configure:4155: $? = 0
configure:4155: result: yes
configure:4155: checking for stdlib.h
configure:4155: gcc -c -g -O2  conftest.c >&5
configure:4155: $? = 0
configure:4155: result: yes
configure:4155: checking for string.h
configure:4155: gcc -c -g -O2  conftest.c >&5
configure:4155: $? = 0
configure:4155: result: yes
configure:4155: checking for memory.h
configure:4155: gcc -c -g -O2  conftest.c >&5
configure:4155: $? = 0
configure:4155: result: yes
configure:4155: checking for strings.h
configure:4155: gcc -c -g -O2  conftest.c >&5
configure:4155: $? = 0
configure:4155: result: yes
configure:4155: checking for inttypes.h
configure:4155: gcc -c -g -O2  conftest.c >&5
configure:4155: $? = 0
configure:4155: result: yes
configure:4155: checking for stdint.h
configure:4155: gcc -c -g -O2  conftest.c >&5
configure:4155: $? = 0
configure:4155: result: yes
configure:4155: checking for unistd.h
configure:4155: gcc -c -g -O2  conftest.c >&5
configure:4155: $? = 0
configure:4155: result: yes
configure:4170: checking locale.h usability
configure:4170: gcc -c -g -O2  conftest.c >&5
configure:4170: $? = 0
configure:4170: result: yes
configure:4170: checking locale.h presence
configure:4170: gcc -E  conftest.c
configure:4170: $? = 0
configure:4170: result: yes
configure:4170: checking for locale.h
configure:4170: result: yes
configure:4181: checking for LC_MESSAGES
configure:4197: gcc -o conftest -g -O2   conftest.c  >&5
configure:4197: $? = 0
configure:4205: result: yes
configure:4222: checking libintl.h usability
configure:4222: gcc -c -g -O2  conftest.c >&5
configure:4222: $? = 0
configure:4222: result: yes
configure:4222: checking libintl.h presence
configure:4222: gcc -E  conftest.c
configure:4222: $? = 0
configure:4222: result: yes
configure:4222: checking for libintl.h
configure:4222: result: yes
configure:4230: checking for ngettext in libc
configure:4248: gcc -o conftest -g -O2   conftest.c  >&5
configure:4248: $? = 0
configure:4257: result: yes
configure:4261: checking for dgettext in libc
configure:4279: gcc -o conftest -g -O2   conftest.c  >&5
configure:4279: $? = 0
configure:4288: result: yes
configure:4295: checking for bind_textdomain_codeset
configure:4295: gcc -o conftest -g -O2   conftest.c  >&5
configure:4295: $? = 0
configure:4295: result: yes
configure:4571: checking for msgfmt
configure:4598: result: /usr/bin/msgfmt
configure:4609: checking for dcgettext
configure:4609: gcc -o conftest -g -O2   conftest.c   >&5
conftest.c:49: warning: conflicting types for built-in function 'dcgettext'
configure:4609: $? = 0
configure:4609: result: yes
configure:4619: checking if msgfmt accepts -c
configure:4634: $MSGFMT -c -o /dev/null conftest.foo
configure:4637: $? = 0
configure:4639: result: yes
configure:4649: checking for gmsgfmt
configure:4680: result: /usr/bin/msgfmt
configure:4690: checking for xgettext
configure:4717: result: /usr/bin/xgettext
configure:4736: gcc -o conftest -g -O2   conftest.c   >&5
configure:4736: $? = 0
configure:4814: checking for catalogs to be installed
configure:4839: result:  ca cs da de es fr hu it ja nb pl pl_PL pt_BR ro ru sv tr zh_CN
configure:4872: checking whether NLS is requested
configure:4881: result: yes
configure:4896: checking for intltool >= 0.23
configure:4903: result: 0.41.1 found
configure:4911: checking for intltool-update
configure:4929: found /usr/bin/intltool-update
configure:4941: result: /usr/bin/intltool-update
configure:4951: checking for intltool-merge
configure:4969: found /usr/bin/intltool-merge
configure:4981: result: /usr/bin/intltool-merge
configure:4991: checking for intltool-extract
configure:5009: found /usr/bin/intltool-extract
configure:5021: result: /usr/bin/intltool-extract
configure:5152: checking for xgettext
configure:5182: result: /usr/bin/xgettext
configure:5192: checking for msgmerge
configure:5210: found /usr/bin/msgmerge
configure:5222: result: /usr/bin/msgmerge
configure:5232: checking for msgfmt
configure:5262: result: /usr/bin/msgfmt
configure:5272: checking for gmsgfmt
configure:5303: result: /usr/bin/msgfmt
configure:5323: checking for perl
configure:5341: found /usr/bin/perl
configure:5353: result: /usr/bin/perl
configure:5364: checking for perl >= 5.8.1
configure:5371: result: 5.10.1
configure:5375: checking for XML::Parser
configure:5378: result: ok
configure:5470: checking for msgfmt
configure:5502: result: /usr/bin/msgfmt
configure:5511: checking for gmsgfmt
configure:5542: result: /usr/bin/msgfmt
configure:5593: checking for xgettext
configure:5625: result: /usr/bin/xgettext
configure:5671: checking for msgmerge
configure:5702: result: /usr/bin/msgmerge
configure:5739: checking build system type
configure:5753: result: i686-pc-linux-gnu
configure:5773: checking host system type
configure:5786: result: i686-pc-linux-gnu
configure:5830: checking for ld used by GCC
configure:5894: result: /usr/bin/ld
configure:5901: checking if the linker (/usr/bin/ld) is GNU ld
configure:5914: result: yes
configure:5921: checking for shared library run path origin
configure:5934: result: done
configure:6435: checking for CFPreferencesCopyAppValue
configure:6453: gcc -o conftest -g -O2   conftest.c  -Wl,-framework -Wl,CoreFoundation >&5
conftest.c:28:42: error: CoreFoundation/CFPreferences.h: No such file or directory
conftest.c: In function 'main':
conftest.c:32: error: 'NULL' undeclared (first use in this function)
conftest.c:32: error: (Each undeclared identifier is reported only once
conftest.c:32: error: for each function it appears in.)
configure:6453: $? = 1
configure: failed program was:
| /* confdefs.h */
| #define PACKAGE_NAME "parcellite"
| #define PACKAGE_TARNAME "parcellite"
| #define PACKAGE_VERSION "1.0.2rc5"
| #define PACKAGE_STRING "parcellite 1.0.2rc5"
| #define PACKAGE_BUGREPORT "gpib@rickyrockrat.net"
| #define PACKAGE_URL ""
| #define PACKAGE "parcellite"
| #define VERSION "1.0.2rc5"
| #define GETTEXT_PACKAGE "parcellite"
| #define STDC_HEADERS 1
| #define HAVE_SYS_TYPES_H 1
| #define HAVE_SYS_STAT_H 1
| #define HAVE_STDLIB_H 1
| #define HAVE_STRING_H 1
| #define HAVE_MEMORY_H 1
| #define HAVE_STRINGS_H 1
| #define HAVE_INTTYPES_H 1
| #define HAVE_STDINT_H 1
| #define HAVE_UNISTD_H 1
| #define HAVE_LOCALE_H 1
| #define HAVE_LC_MESSAGES 1
| #define HAVE_BIND_TEXTDOMAIN_CODESET 1
| #define HAVE_GETTEXT 1
| #define HAVE_DCGETTEXT 1
| #define ENABLE_NLS 1
| /* end confdefs.h.  */
| #include <CoreFoundation/CFPreferences.h>
| int
| main ()
| {
| CFPreferencesCopyAppValue(NULL, NULL)
|   ;
|   return 0;
| }
configure:6462: result: no
configure:6469: checking for CFLocaleCopyCurrent
configure:6487: gcc -o conftest -g -O2   conftest.c  -Wl,-framework -Wl,CoreFoundation >&5
conftest.c:28:37: error: CoreFoundation/CFLocale.h: No such file or directory
configure:6487: $? = 1
configure: failed program was:
| /* confdefs.h */
| #define PACKAGE_NAME "parcellite"
| #define PACKAGE_TARNAME "parcellite"
| #define PACKAGE_VERSION "1.0.2rc5"
| #define PACKAGE_STRING "parcellite 1.0.2rc5"
| #define PACKAGE_BUGREPORT "gpib@rickyrockrat.net"
| #define PACKAGE_URL ""
| #define PACKAGE "parcellite"
| #define VERSION "1.0.2rc5"
| #define GETTEXT_PACKAGE "parcellite"
| #define STDC_HEADERS 1
| #define HAVE_SYS_TYPES_H 1
| #define HAVE_SYS_STAT_H 1
| #define HAVE_STDLIB_H 1
| #define HAVE_STRING_H 1
| #define HAVE_MEMORY_H 1
| #define HAVE_STRINGS_H 1
| #define HAVE_INTTYPES_H 1
| #define HAVE_STDINT_H 1
| #define HAVE_UNISTD_H 1
| #define HAVE_LOCALE_H 1
| #define HAVE_LC_MESSAGES 1
| #define HAVE_BIND_TEXTDOMAIN_CODESET 1
| #define HAVE_GETTEXT 1
| #define HAVE_DCGETTEXT 1
| #define ENABLE_NLS 1
| /* end confdefs.h.  */
| #include <CoreFoundation/CFLocale.h>
| int
| main ()
| {
| CFLocaleCopyCurrent();
|   ;
|   return 0;
| }
configure:6496: result: no
configure:6545: checking for GNU gettext in libc
configure:6565: gcc -o conftest -g -O2   conftest.c  >&5
configure:6565: $? = 0
configure:6574: result: yes
configure:7320: checking whether to use NLS
configure:7322: result: yes
configure:7325: checking where the gettext function comes from
configure:7336: result: libc
configure:7451: checking for gcc
configure:7478: result: gcc
configure:7707: checking for C compiler version
configure:7716: gcc --version >&5
gcc (Debian 4.4.7-3) 4.4.7
Copyright (C) 2010 Free Software Foundation, Inc.
This is free software; see the source for copying conditions.  There is NO
warranty; not even for MERCHANTABILITY or FITNESS FOR A PARTICULAR PURPOSE.

configure:7727: $? = 0
configure:7716: gcc -v >&5
Using built-in specs.
Target: i486-linux-gnu
Configured with: ../src/configure -v --with-pkgversion='Debian 4.4.7-3' --with-bugurl=file:///usr/share/doc/gcc-4.4/README.Bugs --enable-languages=c,c++,fortran --prefix=/usr --program-suffix=-4.4 --enable-shared --enable-linker-build-id --with-system-zlib --libexecdir=/usr/lib --without-included-gettext --enable-threads=posix --with-gxx-include-dir=/usr/include/c++/4.4 --libdir=/usr/lib --enable-nls --enable-clocale=gnu --enable-libstdcxx-debug --enable-targets=all --with-arch-32=i586 --with-tune=generic --enable-checking=release --build=i486-linux-gnu --host=i486-linux-gnu --target=i486-linux-gnu
Thread model: posix
gcc version 4.4.7 (Debian 4.4.7-3) 
configure:7727: $? = 0
configure:7716: gcc -V >&5
gcc: '-V' option must have argument
configure:7727: $? = 1
configure:7716: gcc -qversion >&5
gcc: unrecognized option '-qversion'
gcc: no input files
configure:7727: $? = 1
configure:7731: checking whether we are using the GNU C compiler
configure:7759: result: yes
configure:7768: checking whether gcc accepts -g
configure:7829: result: yes
configure:7846: checking for gcc option to accept ISO C89
configure:7923: result: none needed
configure:7945: checking dependency style of gcc
configure:8055: result: gcc3
configure:8071: checking whether make sets $(MAKE)
configure:8093: result: yes
configure:8104: checking for memset
configure:8104: gcc -o conftest -g -O2   conftest.c  >&5
conftest.c:54: warning: conflicting types for built-in function 'memset'
configure:8104: $? = 0
configure:8104: result: yes
configure:8162: checking for pkg-config
configure:8180: found /usr/bin/pkg-config
configure:8192: result: /usr/bin/pkg-config
configure:8217: checking pkg-config is at least version 0.20
configure:8220: result: yes
configure:8237: checking for GTK
configure:8245: $PKG_CONFIG --exists --print-errors "$pkg_modules"
configure:8248: $? = 0
configure:8263: $PKG_CONFIG --exists --print-errors "$pkg_modules"
configure:8266: $? = 0
configure:8321: result: yes
configure:8331: checking for gtk_status_icon_new in -lgtk-x11-2.0
configure:8356: gcc -o conftest -g -O2   conftest.c -lgtk-x11-2.0   >&5
configure:8356: $? = 0
configure:8366: result: yes
configure:8391: checking for stdlib.h
configure:8391: result: yes
configure:8391: checking for string.h
configure:8391: result: yes
configure:8391: checking pthread.h usability
configure:8391: gcc -c -g -O2  conftest.c >&5
configure:8391: $? = 0
configure:8391: result: yes
configure:8391: checking pthread.h presence
configure:8391: gcc -E  conftest.c
configure:8391: $? = 0
configure:8391: result: yes
configure:8391: checking for pthread.h
configure:8391: result: yes
configure:8391: checking for libintl.h
configure:8391: result: yes
configure:8405: checking for an ANSI C-conforming const
configure:8470: gcc -c -g -O2  conftest.c >&5
configure:8470: $? = 0
configure:8477: result: yes
configure:8485: checking for inline
configure:8501: gcc -c -g -O2  conftest.c >&5
configure:8501: $? = 0
configure:8509: result: inline
configure:8527: checking for size_t
configure:8527: gcc -c -g -O2  conftest.c >&5
configure:8527: $? = 0
configure:8527: gcc -c -g -O2  conftest.c >&5
conftest.c: In function 'main':
conftest.c:73: error: expected expression before ')' token
configure:8527: $? = 1
configure: failed program was:
| /* confdefs.h */
| #define PACKAGE_NAME "parcellite"
| #define PACKAGE_TARNAME "parcellite"
| #define PACKAGE_VERSION "1.0.2rc5"
| #define PACKAGE_STRING "parcellite 1.0.2rc5"
| #define PACKAGE_BUGREPORT "gpib@rickyrockrat.net"
| #define PACKAGE_URL ""
| #define PACKAGE "parcellite"
| #define VERSION "1.0.2rc5"
| #define GETTEXT_PACKAGE "parcellite"
| #define STDC_HEADERS 1
| #define HAVE_SYS_TYPES_H 1
| #define HAVE_SYS_STAT_H 1
| #define HAVE_STDLIB_H 1
| #define HAVE_STRING_H 1
| #define HAVE_MEMORY_H 1
| #define HAVE_STRINGS_H 1
| #define HAVE_INTTYPES_H 1
| #define HAVE_STDINT_H 1
| #define HAVE_UNISTD_H 1
| #define HAVE_LOCALE_H 1
| #define HAVE_LC_MESSAGES 1
| #define HAVE_BIND_TEXTDOMAIN_CODESET 1
| #define HAVE_GETTEXT 1
| #define HAVE_DCGETTEXT 1
| #define ENABLE_NLS 1
| #define ENABLE_NLS 1
| #define HAVE_GETTEXT 1
| #define HAVE_DCGETTEXT 1
| #define HAVE_MEMSET 1
| #define HAVE_LIBGTK_X11_2_0 1
| #define HAVE_STDLIB_H 1
| #define HAVE_STRING_H 1
| #define HAVE_PTHREAD_H 1
| #define HAVE_LIBINTL_H 1
| /* end confdefs.h.  */
| #include <stdio.h>
| #ifdef HAVE_SYS_TYPES_H
| # include <sys/types.h>
| #endif
| #ifdef HAVE_SYS_STAT_H
| # include <sys/stat.h>
| #endif
| #ifdef STDC_HEADERS
| # include <stdlib.h>
| # include <stddef.h>
| #else
| # ifdef HAVE_STDLIB_H
| #  include <stdlib.h>
| # endif
| #endif
| #ifdef HAVE_STRING_H
| # if !defined STDC_HEADERS && defined HAVE_MEMORY_H
| #  include <memory.h>
| # endif
| # include <string.h>
| #endif
| #ifdef HAVE_STRINGS_H
| # include <strings.h>
| #endif
| #ifdef HAVE_INTTYPES_H
| # include <inttypes.h>
| #endif
| #ifdef HAVE_STDINT_H
| # include <stdint.h>
| #endif
| #ifdef HAVE_UNISTD_H
| # include <unistd.h>
| #endif
| int
| main ()
| {
| if (sizeof ((size_t)))
| 	    return 0;
|   ;
|   return 0;
| }
configure:8527: result: yes
configure:8538: checking for X
configure:8646: gcc -E  conftest.c
configure:8646: $? = 0
configure:8677: gcc -o conftest -g -O2   conftest.c -lX11 -lgtk-x11-2.0  >&5
configure:8677: $? = 0
configure:8727: result: libraries , headers 
configure:8735: checking return type of signal handlers
configure:8753: gcc -c -g -O2  conftest.c >&5
conftest.c: In function 'main':
conftest.c:43: error: void value not ignored as it ought to be
configure:8753: $? = 1
configure: failed program was:
| /* confdefs.h */
| #define PACKAGE_NAME "parcellite"
| #define PACKAGE_TARNAME "parcellite"
| #define PACKAGE_VERSION "1.0.2rc5"
| #define PACKAGE_STRING "parcellite 1.0.2rc5"
| #define PACKAGE_BUGREPORT "gpib@rickyrockrat.net"
| #define PACKAGE_URL ""
| #define PACKAGE "parcellite"
| #define VERSION "1.0.2rc5"
| #define GETTEXT_PACKAGE "parcellite"
| #define STDC_HEADERS 1
| #define HAVE_SYS_TYPES_H 1
| #define HAVE_SYS_STAT_H 1
| #define HAVE_STDLIB_H 1
| #define HAVE_STRING_H 1
| #define HAVE_MEMORY_H 1
| #define HAVE_STRINGS_H 1
| #define HAVE_INTTYPES_H 1
| #define HAVE_STDINT_H 1
| #define HAVE_UNISTD_H 1
| #define HAVE_LOCALE_H 1
| #define HAVE_LC_MESSAGES 1
| #define HAVE_BIND_TEXTDOMAIN_CODESET 1
| #define HAVE_GETTEXT 1
| #define HAVE_DCGETTEXT 1
| #define ENABLE_NLS 1
| #define ENABLE_NLS 1
| #define HAVE_GETTEXT 1
| #define HAVE_DCGETTEXT 1
| #define HAVE_MEMSET 1
| #define HAVE_LIBGTK_X11_2_0 1
| #define HAVE_STDLIB_H 1
| #define HAVE_STRING_H 1
| #define HAVE_PTHREAD_H 1
| #define HAVE_LIBINTL_H 1
| /* end confdefs.h.  */
| #include <sys/types.h>
| #include <signal.h>
| 
| int
| main ()
| {
| return *(signal (0, 0)) (0) == 1;
|   ;
|   return 0;
| }
configure:8760: result: void
configure:8901: creating ./config.status

## ---------------------- ##
## Running config.status. ##
## ---------------------- ##

This file was extended by parcellite config.status 1.0.2rc5, which was
generated by GNU Autoconf 2.67.  Invocation command line was

  CONFIG_FILES    = 
  CONFIG_HEADERS  = 
  CONFIG_LINKS    = 
  CONFIG_COMMANDS = 
  $ ./config.status 

on cheflaptop

config.status:971: creating Makefile
config.status:971: creating doc/Makefile
config.status:971: creating src/Makefile
config.status:971: creating data/Makefile
config.status:971: creating po/Makefile.in
config.status:971: creating config.h
config.status:1151: config.h is unchanged
config.status:1199: executing depfiles commands
config.status:1199: executing default-1 commands
config.status:1199: executing po-directories commands
config.status:1199: executing po/stamp-it commands

## ---------------- ##
## Cache variables. ##
## ---------------- ##

ac_cv_build=i686-pc-linux-gnu
ac_cv_c_compiler_gnu=yes
ac_cv_c_const=yes
ac_cv_c_inline=inline
ac_cv_env_CC_set=
ac_cv_env_CC_value=
ac_cv_env_CFLAGS_set=
ac_cv_env_CFLAGS_value=
ac_cv_env_CPPFLAGS_set=
ac_cv_env_CPPFLAGS_value=
ac_cv_env_CPP_set=
ac_cv_env_CPP_value=
ac_cv_env_GTK_CFLAGS_set=
ac_cv_env_GTK_CFLAGS_value=
ac_cv_env_GTK_LIBS_set=
ac_cv_env_GTK_LIBS_value=
ac_cv_env_LDFLAGS_set=
ac_cv_env_LDFLAGS_value=
ac_cv_env_LIBS_set=
ac_cv_env_LIBS_value=
ac_cv_env_PKG_CONFIG_set=
ac_cv_env_PKG_CONFIG_value=
ac_cv_env_XMKMF_set=
ac_cv_env_XMKMF_value=
ac_cv_env_build_alias_set=
ac_cv_env_build_alias_value=
ac_cv_env_host_alias_set=
ac_cv_env_host_alias_value=
ac_cv_env_target_alias_set=
ac_cv_env_target_alias_value=
ac_cv_func_bind_textdomain_codeset=yes
ac_cv_func_dcgettext=yes
ac_cv_func_memset=yes
ac_cv_have_x='have_x=yes	ac_x_includes='\'''\''	ac_x_libraries='\'''\'''
ac_cv_header_inttypes_h=yes
ac_cv_header_libintl_h=yes
ac_cv_header_locale_h=yes
ac_cv_header_memory_h=yes
ac_cv_header_pthread_h=yes
ac_cv_header_stdc=yes
ac_cv_header_stdint_h=yes
ac_cv_header_stdlib_h=yes
ac_cv_header_string_h=yes
ac_cv_header_strings_h=yes
ac_cv_header_sys_stat_h=yes
ac_cv_header_sys_types_h=yes
ac_cv_header_unistd_h=yes
ac_cv_host=i686-pc-linux-gnu
ac_cv_lib_gtk_x11_2_0___gtk_status_icon_new=yes
ac_cv_objext=o
ac_cv_path_EGREP='/bin/grep -E'
ac_cv_path_GMSGFMT=/usr/bin/msgfmt
ac_cv_path_GREP=/bin/grep
ac_cv_path_INTLTOOL_EXTRACT=/usr/bin/intltool-extract
ac_cv_path_INTLTOOL_MERGE=/usr/bin/intltool-merge
ac_cv_path_INTLTOOL_PERL=/usr/bin/perl
ac_cv_path_INTLTOOL_UPDATE=/usr/bin/intltool-update
ac_cv_path_MSGFMT=/usr/bin/msgfmt
ac_cv_path_MSGMERGE=/usr/bin/msgmerge
ac_cv_path_XGETTEXT=/usr/bin/xgettext
ac_cv_path_ac_pt_PKG_CONFIG=/usr/bin/pkg-config
ac_cv_path_install='/usr/bin/install -c'
ac_cv_path_mkdir=/bin/mkdir
ac_cv_prog_AWK=gawk
ac_cv_prog_CPP='gcc -E'
ac_cv_prog_ac_ct_CC=gcc
ac_cv_prog_cc_c89=
ac_cv_prog_cc_g=yes
ac_cv_prog_make_make_set=yes
ac_cv_type_signal=void
ac_cv_type_size_t=yes
acl_cv_hardcode_direct=no
acl_cv_hardcode_libdir_flag_spec='${wl}-rpath ${wl}$libdir'
acl_cv_hardcode_libdir_separator=
acl_cv_hardcode_minus_L=no
acl_cv_libext=a
acl_cv_libname_spec='lib$name'
acl_cv_library_names_spec='$libname$shrext'
acl_cv_path_LD=/usr/bin/ld
acl_cv_prog_gnu_ld=yes
acl_cv_rpath=done
acl_cv_shlibext=so
acl_cv_wl=-Wl,
am_cv_CC_dependencies_compiler_type=gcc3
am_cv_val_LC_MESSAGES=yes
gt_cv_func_CFLocaleCopyCurrent=no
gt_cv_func_CFPreferencesCopyAppValue=no
gt_cv_func_dgettext_libc=yes
gt_cv_func_dgettext_libintl=no
gt_cv_func_gnugettext1_libc=yes
gt_cv_func_ngettext_libc=yes
gt_cv_have_gettext=yes
pkg_cv_GTK_CFLAGS='-pthread -I/usr/include/gtk-2.0 -I/usr/lib/gtk-2.0/include -I/usr/include/atk-1.0 -I/usr/include/cairo -I/usr/include/pango-1.0 -I/usr/include/gio-unix-2.0/ -I/usr/include/glib-2.0 -I/usr/lib/glib-2.0/include -I/usr/include/pixman-1 -I/usr/include/freetype2 -I/usr/include/libpng12  '
pkg_cv_GTK_LIBS='-pthread -lgtk-x11-2.0 -lgdk-x11-2.0 -latk-1.0 -lpangoft2-1.0 -lgdk_pixbuf-2.0 -lm -lpangocairo-1.0 -lcairo -lgio-2.0 -lpango-1.0 -lfreetype -lfontconfig -lgobject-2.0 -lgmodule-2.0 -lgthread-2.0 -lrt -lglib-2.0  '

## ----------------- ##
## Output variables. ##
## ----------------- ##

ACLOCAL='${SHELL} /home/chef/downloads/parcellite-1.0.2rc5/missing --run aclocal-1.11'
ALL_LINGUAS='ca cs da de es fr hu it ja nb pl pl_PL pt_BR ro ru sv tr zh_CN'
AMDEPBACKSLASH='\'
AMDEP_FALSE='#'
AMDEP_TRUE=''
AMTAR='${SHELL} /home/chef/downloads/parcellite-1.0.2rc5/missing --run tar'
AUTOCONF='${SHELL} /home/chef/downloads/parcellite-1.0.2rc5/missing --run autoconf'
AUTOHEADER='${SHELL} /home/chef/downloads/parcellite-1.0.2rc5/missing --run autoheader'
AUTOMAKE='${SHELL} /home/chef/downloads/parcellite-1.0.2rc5/missing --run automake-1.11'
AWK='gawk'
CATALOGS=' ca.gmo cs.gmo da.gmo de.gmo es.gmo fr.gmo hu.gmo it.gmo ja.gmo nb.gmo pl.gmo pl_PL.gmo pt_BR.gmo ro.gmo ru.gmo sv.gmo tr.gmo zh_CN.gmo'
CATOBJEXT='.gmo'
CC='gcc'
CCDEPMODE='depmode=gcc3'
CFLAGS='-g -O2'
CPP='gcc -E'
CPPFLAGS=''
CYGPATH_W='echo'
DATADIRNAME='share'
DEFS='-DHAVE_CONFIG_H'
DEPDIR='.deps'
ECHO_C=''
ECHO_N='-n'
ECHO_T=''
EGREP='/bin/grep -E'
EXEEXT=''
GETTEXT_MACRO_VERSION='0.17'
GETTEXT_PACKAGE='parcellite'
GMOFILES=' ca.gmo cs.gmo da.gmo de.gmo es.gmo fr.gmo hu.gmo it.gmo ja.gmo nb.gmo pl.gmo pl_PL.gmo pt_BR.gmo ro.gmo ru.gmo sv.gmo tr.gmo zh_CN.gmo'
GMSGFMT='/usr/bin/msgfmt'
GMSGFMT_015='/usr/bin/msgfmt'
GREP='/bin/grep'
GTK_CFLAGS='-pthread -I/usr/include/gtk-2.0 -I/usr/lib/gtk-2.0/include -I/usr/include/atk-1.0 -I/usr/include/cairo -I/usr/include/pango-1.0 -I/usr/include/gio-unix-2.0/ -I/usr/include/glib-2.0 -I/usr/lib/glib-2.0/include -I/usr/include/pixman-1 -I/usr/include/freetype2 -I/usr/include/libpng12  '
GTK_LIBS='-lgtk-x11-2.0'
INSTALL_DATA='${INSTALL} -m 644'
INSTALL_PROGRAM='${INSTALL}'
INSTALL_SCRIPT='${INSTALL}'
INSTALL_STRIP_PROGRAM='$(install_sh) -c -s'
INSTOBJEXT='.mo'
INTLLIBS=''
INTLTOOL_CAVES_RULE='%.caves:     %.caves.in     $(INTLTOOL_MERGE) $(wildcard $(top_srcdir)/po/*.po) ; LC_ALL=C $(INTLTOOL_MERGE) -d -u -c $(top_builddir)/po/.intltool-merge-cache $(top_srcdir)/po $< $@'
INTLTOOL_DESKTOP_RULE='%.desktop:   %.desktop.in   $(INTLTOOL_MERGE) $(wildcard $(top_srcdir)/po/*.po) ; LC_ALL=C $(INTLTOOL_MERGE) -d -u -c $(top_builddir)/po/.intltool-merge-cache $(top_srcdir)/po $< $@'
INTLTOOL_DIRECTORY_RULE='%.directory: %.directory.in $(INTLTOOL_MERGE) $(wildcard $(top_srcdir)/po/*.po) ; LC_ALL=C $(INTLTOOL_MERGE) -d -u -c $(top_builddir)/po/.intltool-merge-cache $(top_srcdir)/po $< $@'
INTLTOOL_EXTRACT='/usr/bin/intltool-extract'
INTLTOOL_KBD_RULE='%.kbd:       %.kbd.in       $(INTLTOOL_MERGE) $(wildcard $(top_srcdir)/po/*.po) ; LC_ALL=C $(INTLTOOL_MERGE) -x -u -m -c $(top_builddir)/po/.intltool-merge-cache $(top_srcdir)/po $< $@'
INTLTOOL_KEYS_RULE='%.keys:      %.keys.in      $(INTLTOOL_MERGE) $(wildcard $(top_srcdir)/po/*.po) ; LC_ALL=C $(INTLTOOL_MERGE) -k -u -c $(top_builddir)/po/.intltool-merge-cache $(top_srcdir)/po $< $@'
INTLTOOL_MERGE='/usr/bin/intltool-merge'
INTLTOOL_OAF_RULE='%.oaf:       %.oaf.in       $(INTLTOOL_MERGE) $(wildcard $(top_srcdir)/po/*.po) ; LC_ALL=C $(INTLTOOL_MERGE) -o -p $(top_srcdir)/po $< $@'
INTLTOOL_PERL='/usr/bin/perl'
INTLTOOL_POLICY_RULE='%.policy:    %.policy.in    $(INTLTOOL_MERGE) $(wildcard $(top_srcdir)/po/*.po) ; LC_ALL=C $(INTLTOOL_MERGE) -x -u -c $(top_builddir)/po/.intltool-merge-cache $(top_srcdir)/po $< $@'
INTLTOOL_PONG_RULE='%.pong:      %.pong.in      $(INTLTOOL_MERGE) $(wildcard $(top_srcdir)/po/*.po) ; LC_ALL=C $(INTLTOOL_MERGE) -x -u -c $(top_builddir)/po/.intltool-merge-cache $(top_srcdir)/po $< $@'
INTLTOOL_PROP_RULE='%.prop:      %.prop.in      $(INTLTOOL_MERGE) $(wildcard $(top_srcdir)/po/*.po) ; LC_ALL=C $(INTLTOOL_MERGE) -d -u -c $(top_builddir)/po/.intltool-merge-cache $(top_srcdir)/po $< $@'
INTLTOOL_SCHEMAS_RULE='%.schemas:   %.schemas.in   $(INTLTOOL_MERGE) $(wildcard $(top_srcdir)/po/*.po) ; LC_ALL=C $(INTLTOOL_MERGE) -s -u -c $(top_builddir)/po/.intltool-merge-cache $(top_srcdir)/po $< $@'
INTLTOOL_SERVER_RULE='%.server:    %.server.in    $(INTLTOOL_MERGE) $(wildcard $(top_srcdir)/po/*.po) ; LC_ALL=C $(INTLTOOL_MERGE) -o -u -c $(top_builddir)/po/.intltool-merge-cache $(top_srcdir)/po $< $@'
INTLTOOL_SERVICE_RULE='%.service: %.service.in   $(INTLTOOL_MERGE) $(wildcard $(top_srcdir)/po/*.po) ; LC_ALL=C $(INTLTOOL_MERGE) -d -u -c $(top_builddir)/po/.intltool-merge-cache $(top_srcdir)/po $< $@'
INTLTOOL_SHEET_RULE='%.sheet:     %.sheet.in     $(INTLTOOL_MERGE) $(wildcard $(top_srcdir)/po/*.po) ; LC_ALL=C $(INTLTOOL_MERGE) -x -u -c $(top_builddir)/po/.intltool-merge-cache $(top_srcdir)/po $< $@'
INTLTOOL_SOUNDLIST_RULE='%.soundlist: %.soundlist.in $(INTLTOOL_MERGE) $(wildcard $(top_srcdir)/po/*.po) ; LC_ALL=C $(INTLTOOL_MERGE) -d -u -c $(top_builddir)/po/.intltool-merge-cache $(top_srcdir)/po $< $@'
INTLTOOL_THEME_RULE='%.theme:     %.theme.in     $(INTLTOOL_MERGE) $(wildcard $(top_srcdir)/po/*.po) ; LC_ALL=C $(INTLTOOL_MERGE) -d -u -c $(top_builddir)/po/.intltool-merge-cache $(top_srcdir)/po $< $@'
INTLTOOL_UI_RULE='%.ui:        %.ui.in        $(INTLTOOL_MERGE) $(wildcard $(top_srcdir)/po/*.po) ; LC_ALL=C $(INTLTOOL_MERGE) -x -u -c $(top_builddir)/po/.intltool-merge-cache $(top_srcdir)/po $< $@'
INTLTOOL_UPDATE='/usr/bin/intltool-update'
INTLTOOL_XAM_RULE='%.xam:       %.xml.in       $(INTLTOOL_MERGE) $(wildcard $(top_srcdir)/po/*.po) ; LC_ALL=C $(INTLTOOL_MERGE) -x -u -c $(top_builddir)/po/.intltool-merge-cache $(top_srcdir)/po $< $@'
INTLTOOL_XML_NOMERGE_RULE='%.xml:       %.xml.in       $(INTLTOOL_MERGE) ; LC_ALL=C $(INTLTOOL_MERGE) -x -u /tmp $< $@'
INTLTOOL_XML_RULE='%.xml:       %.xml.in       $(INTLTOOL_MERGE) $(wildcard $(top_srcdir)/po/*.po) ; LC_ALL=C $(INTLTOOL_MERGE) -x -u -c $(top_builddir)/po/.intltool-merge-cache $(top_srcdir)/po $< $@'
INTL_MACOSX_LIBS=''
LDFLAGS=''
LIBICONV='-liconv'
LIBINTL=''
LIBOBJS=''
LIBS='-lgtk-x11-2.0 '
LTLIBICONV='-liconv'
LTLIBINTL=''
LTLIBOBJS=''
MAKEINFO='${SHELL} /home/chef/downloads/parcellite-1.0.2rc5/missing --run makeinfo'
MKDIR_P='/bin/mkdir -p'
MKINSTALLDIRS='./mkinstalldirs'
MSGFMT='/usr/bin/msgfmt'
MSGFMT_015='/usr/bin/msgfmt'
MSGFMT_OPTS='-c'
MSGMERGE='/usr/bin/msgmerge'
OBJEXT='o'
PACKAGE='parcellite'
PACKAGE_BUGREPORT='gpib@rickyrockrat.net'
PACKAGE_NAME='parcellite'
PACKAGE_STRING='parcellite 1.0.2rc5'
PACKAGE_TARNAME='parcellite'
PACKAGE_URL=''
PACKAGE_VERSION='1.0.2rc5'
PATH_SEPARATOR=':'
PKG_CONFIG='/usr/bin/pkg-config'
POFILES=' ca.po cs.po da.po de.po es.po fr.po hu.po it.po ja.po nb.po pl.po pl_PL.po pt_BR.po ro.po ru.po sv.po tr.po zh_CN.po'
POSUB='po'
PO_IN_DATADIR_FALSE=''
PO_IN_DATADIR_TRUE=''
SET_MAKE=''
SHELL='/bin/bash'
STRIP=''
USE_NLS='yes'
VERSION='1.0.2rc5'
XGETTEXT='/usr/bin/xgettext'
XGETTEXT_015='/usr/bin/xgettext'
XGETTEXT_EXTRA_OPTIONS=''
XMKMF=''
ac_ct_CC='gcc'
am__EXEEXT_FALSE=''
am__EXEEXT_TRUE='#'
am__fastdepCC_FALSE='#'
am__fastdepCC_TRUE=''
am__include='include'
am__isrc=''
am__leading_dot='.'
am__quote=''
am__tar='${AMTAR} chof - "$$tardir"'
am__untar='${AMTAR} xf -'
bindir='${exec_prefix}/bin'
build='i686-pc-linux-gnu'
build_alias=''
build_cpu='i686'
build_os='linux-gnu'
build_vendor='pc'
datadir='${datarootdir}'
datarootdir='${prefix}/share'
docdir='${datarootdir}/doc/${PACKAGE_TARNAME}'
dvidir='${docdir}'
exec_prefix='${prefix}'
host='i686-pc-linux-gnu'
host_alias=''
host_cpu='i686'
host_os='linux-gnu'
host_vendor='pc'
htmldir='${docdir}'
includedir='${prefix}/include'
infodir='${datarootdir}/info'
install_sh='${SHELL} /home/chef/downloads/parcellite-1.0.2rc5/install-sh'
libdir='${exec_prefix}/lib'
libexecdir='${exec_prefix}/libexec'
localedir='${datarootdir}/locale'
localstatedir='${prefix}/var'
mandir='${datarootdir}/man'
mkdir_p='/bin/mkdir -p'
oldincludedir='/usr/include'
parcellitelocaledir='${prefix}/${DATADIRNAME}/locale'
pdfdir='${docdir}'
prefix='/usr/local'
program_transform_name='s,x,x,'
psdir='${docdir}'
sbindir='${exec_prefix}/sbin'
sharedstatedir='${prefix}/com'
sysconfdir='${prefix}/etc'
target_alias=''

## ----------- ##
## confdefs.h. ##
## ----------- ##

/* confdefs.h */
#define PACKAGE_NAME "parcellite"
#define PACKAGE_TARNAME "parcellite"
#define PACKAGE_VERSION "1.0.2rc5"
#define PACKAGE_STRING "parcellite 1.0.2rc5"
#define PACKAGE_BUGREPORT "gpib@rickyrockrat.net"
#define PACKAGE_URL ""
#define PACKAGE "parcellite"
#define VERSION "1.0.2rc5"
#define GETTEXT_PACKAGE "parcellite"
#define STDC_HEADERS 1
#define HAVE_SYS_TYPES_H 1
#define HAVE_SYS_STAT_H 1
#define HAVE_STDLIB_H 1
#define HAVE_STRING_H 1
#define HAVE_MEMORY_H 1
#define HAVE_STRINGS_H 1
#define HAVE_INTTYPES_H 1
#define HAVE_STDINT_H 1
#define HAVE_UNISTD_H 1
#define HAVE_LOCALE_H 1
#define HAVE_LC_MESSAGES 1
#define HAVE_BIND_TEXTDOMAIN_CODESET 1
#define HAVE_GETTEXT 1
#define HAVE_DCGETTEXT 1
#define ENABLE_NLS 1
#define ENABLE_NLS 1
#define HAVE_GETTEXT 1
#define HAVE_DCGETTEXT 1
#define HAVE_MEMSET 1
#define HAVE_LIBGTK_X11_2_0 1
#define HAVE_STDLIB_H 1
#define HAVE_STRING_H 1
#define HAVE_PTHREAD_H 1
#define HAVE_LIBINTL_H 1
#define RETSIGTYPE void

configure: exit 0
